2022-03-02 14:18:35 INFO  main c.w.a.GatewayApplication Starting GatewayApplication using Java 11.0.10 on DESKTOP-SPKKHPB with PID 11764 (D:\07_烽火门禁\00_doorGateway\AccessControlService\target\classes started by ansen in D:\07_烽火门禁\00_doorGateway\AccessControlService)
2022-03-02 14:18:35 INFO  main c.w.a.GatewayApplication The following profiles are active: dev
2022-03-02 14:18:36 INFO  main o.s.b.w.e.t.TomcatWebServer Tomcat initialized with port(s): 9008 (http)
2022-03-02 14:18:36 INFO  main o.a.c.h.Http11NioProtocol Initializing ProtocolHandler ["http-nio-9008"]
2022-03-02 14:18:36 INFO  main o.a.c.c.StandardService Starting service [Tomcat]
2022-03-02 14:18:36 INFO  main o.a.c.c.StandardEngine Starting Servlet engine: [Apache Tomcat/9.0.56]
2022-03-02 14:18:37 INFO  main o.a.c.c.C.[.[.[/]    Initializing Spring embedded WebApplicationContext
2022-03-02 14:18:37 INFO  main o.s.b.w.s.c.ServletWebServerApplicationContext Root WebApplicationContext: initialization completed in 1828 ms
2022-03-02 14:18:37 WARN  main o.s.b.w.s.c.AnnotationConfigServletWebServerApplicationContext Exception encountered during context initialization - cancelling refresh attempt: org.springframework.beans.factory.BeanCreationException: Error creating bean with name 'dataSource' defined in class path resource [org/springframework/boot/autoconfigure/jdbc/DataSourceConfiguration$Hikari.class]: Bean instantiation via factory method failed; nested exception is org.springframework.beans.BeanInstantiationException: Failed to instantiate [com.zaxxer.hikari.HikariDataSource]: Factory method 'dataSource' threw exception; nested exception is org.springframework.boot.autoconfigure.jdbc.DataSourceProperties$DataSourceBeanCreationException: Failed to determine a suitable driver class
2022-03-02 14:18:37 WARN  main o.s.c.a.CommonAnnotationBeanPostProcessor Destroy method on bean with name 'twoPortNettyServer' threw an exception: java.lang.NullPointerException
2022-03-02 14:18:37 INFO  main o.a.c.c.StandardService Stopping service [Tomcat]
2022-03-02 14:18:37 INFO  main o.s.b.a.l.ConditionEvaluationReportLoggingListener 

Error starting ApplicationContext. To display the conditions report re-run your application with 'debug' enabled.
2022-03-02 14:18:37 ERROR main o.s.b.d.LoggingFailureAnalysisReporter 

***************************
APPLICATION FAILED TO START
***************************

Description:

Failed to configure a DataSource: 'url' attribute is not specified and no embedded datasource could be configured.

Reason: Failed to determine a suitable driver class


Action:

Consider the following:
	If you want an embedded database (H2, HSQL or Derby), please put it on the classpath.
	If you have database settings to be loaded from a particular profile you may need to activate it (the profiles dev are currently active).

2022-03-02 14:42:29 INFO  main c.w.a.GatewayApplication Starting GatewayApplication using Java 11.0.10 on DESKTOP-SPKKHPB with PID 25928 (D:\07_烽火门禁\00_doorGateway\AccessControlService\target\classes started by ansen in D:\07_烽火门禁\00_doorGateway\AccessControlService)
2022-03-02 14:42:29 INFO  main c.w.a.GatewayApplication The following profiles are active: dev
2022-03-02 14:42:30 INFO  main o.s.d.r.c.RepositoryConfigurationDelegate Multiple Spring Data modules found, entering strict repository configuration mode!
2022-03-02 14:42:30 INFO  main o.s.d.r.c.RepositoryConfigurationDelegate Bootstrapping Spring Data Redis repositories in DEFAULT mode.
2022-03-02 14:42:30 INFO  main o.s.d.r.c.RepositoryConfigurationDelegate Finished Spring Data repository scanning in 24 ms. Found 0 Redis repository interfaces.
2022-03-02 14:42:31 INFO  main o.s.b.w.e.t.TomcatWebServer Tomcat initialized with port(s): 9008 (http)
2022-03-02 14:42:31 INFO  main o.a.c.h.Http11NioProtocol Initializing ProtocolHandler ["http-nio-9008"]
2022-03-02 14:42:31 INFO  main o.a.c.c.StandardService Starting service [Tomcat]
2022-03-02 14:42:31 INFO  main o.a.c.c.StandardEngine Starting Servlet engine: [Apache Tomcat/9.0.56]
2022-03-02 14:42:31 INFO  main o.a.c.c.C.[.[.[/]    Initializing Spring embedded WebApplicationContext
2022-03-02 14:42:31 INFO  main o.s.b.w.s.c.ServletWebServerApplicationContext Root WebApplicationContext: initialization completed in 1668 ms
2022-03-02 14:42:32 WARN  main o.s.b.w.s.c.AnnotationConfigServletWebServerApplicationContext Exception encountered during context initialization - cancelling refresh attempt: org.springframework.beans.factory.BeanCreationException: Error creating bean with name 'dataSource' defined in class path resource [org/springframework/boot/autoconfigure/jdbc/DataSourceConfiguration$Hikari.class]: Bean instantiation via factory method failed; nested exception is org.springframework.beans.BeanInstantiationException: Failed to instantiate [com.zaxxer.hikari.HikariDataSource]: Factory method 'dataSource' threw exception; nested exception is org.springframework.boot.autoconfigure.jdbc.DataSourceProperties$DataSourceBeanCreationException: Failed to determine a suitable driver class
2022-03-02 14:42:32 WARN  main o.s.c.a.CommonAnnotationBeanPostProcessor Destroy method on bean with name 'twoPortNettyServer' threw an exception: java.lang.NullPointerException
2022-03-02 14:42:32 INFO  main o.a.c.c.StandardService Stopping service [Tomcat]
2022-03-02 14:42:32 INFO  main o.s.b.a.l.ConditionEvaluationReportLoggingListener 

Error starting ApplicationContext. To display the conditions report re-run your application with 'debug' enabled.
2022-03-02 14:42:33 ERROR main o.s.b.d.LoggingFailureAnalysisReporter 

***************************
APPLICATION FAILED TO START
***************************

Description:

Failed to configure a DataSource: 'url' attribute is not specified and no embedded datasource could be configured.

Reason: Failed to determine a suitable driver class


Action:

Consider the following:
	If you want an embedded database (H2, HSQL or Derby), please put it on the classpath.
	If you have database settings to be loaded from a particular profile you may need to activate it (the profiles dev are currently active).

2022-03-02 14:49:15 INFO  main c.w.a.GatewayApplication Starting GatewayApplication using Java 11.0.10 on DESKTOP-SPKKHPB with PID 27392 (D:\07_烽火门禁\00_doorGateway\AccessControlService\target\classes started by ansen in D:\07_烽火门禁\00_doorGateway\AccessControlService)
2022-03-02 14:49:15 INFO  main c.w.a.GatewayApplication The following profiles are active: dev
2022-03-02 14:49:16 INFO  main o.s.d.r.c.RepositoryConfigurationDelegate Multiple Spring Data modules found, entering strict repository configuration mode!
2022-03-02 14:49:16 INFO  main o.s.d.r.c.RepositoryConfigurationDelegate Bootstrapping Spring Data Redis repositories in DEFAULT mode.
2022-03-02 14:49:16 INFO  main o.s.d.r.c.RepositoryConfigurationDelegate Finished Spring Data repository scanning in 21 ms. Found 0 Redis repository interfaces.
2022-03-02 14:49:16 INFO  main o.s.b.w.e.t.TomcatWebServer Tomcat initialized with port(s): 9008 (http)
2022-03-02 14:49:16 INFO  main o.a.c.h.Http11NioProtocol Initializing ProtocolHandler ["http-nio-9008"]
2022-03-02 14:49:16 INFO  main o.a.c.c.StandardService Starting service [Tomcat]
2022-03-02 14:49:16 INFO  main o.a.c.c.StandardEngine Starting Servlet engine: [Apache Tomcat/9.0.56]
2022-03-02 14:49:16 INFO  main o.a.c.c.C.[.[.[/]    Initializing Spring embedded WebApplicationContext
2022-03-02 14:49:16 INFO  main o.s.b.w.s.c.ServletWebServerApplicationContext Root WebApplicationContext: initialization completed in 1372 ms
2022-03-02 14:49:18 WARN  main o.s.b.w.s.c.AnnotationConfigServletWebServerApplicationContext Exception encountered during context initialization - cancelling refresh attempt: org.springframework.beans.factory.UnsatisfiedDependencyException: Error creating bean with name 'dataSource' defined in class path resource [org/springframework/boot/autoconfigure/jdbc/DataSourceConfiguration$Generic.class]: Unsatisfied dependency expressed through method 'dataSource' parameter 0; nested exception is org.springframework.boot.context.properties.ConfigurationPropertiesBindException: Error creating bean with name 'spring.datasource-org.springframework.boot.autoconfigure.jdbc.DataSourceProperties': Could not bind properties to 'DataSourceProperties' : prefix=spring.datasource, ignoreInvalidFields=false, ignoreUnknownFields=true; nested exception is org.springframework.boot.context.properties.bind.BindException: Failed to bind properties under 'spring.datasource.type' to java.lang.Class<javax.sql.DataSource>
2022-03-02 14:49:18 WARN  main o.s.c.a.CommonAnnotationBeanPostProcessor Destroy method on bean with name 'twoPortNettyServer' threw an exception: java.lang.NullPointerException
2022-03-02 14:49:18 INFO  main o.a.c.c.StandardService Stopping service [Tomcat]
2022-03-02 14:49:18 INFO  main o.s.b.a.l.ConditionEvaluationReportLoggingListener 

Error starting ApplicationContext. To display the conditions report re-run your application with 'debug' enabled.
2022-03-02 14:49:18 ERROR main o.s.b.d.LoggingFailureAnalysisReporter 

***************************
APPLICATION FAILED TO START
***************************

Description:

Failed to bind properties under 'spring.datasource.type' to java.lang.Class<javax.sql.DataSource>:

    Property: spring.datasource.type
    Value: com.alibaba.druid.pool.DruidDataSource
    Origin: class path resource [application-dev.yml] - 9:11
    Reason: failed to convert java.lang.String to java.lang.Class<javax.sql.DataSource> (caused by java.lang.ClassNotFoundException: com.alibaba.druid.pool.DruidDataSource)

Action:

Update your application's configuration

